-------------------------------------------------------------------------------
Test set: com.example.ranni.RanniApplicationTests
-------------------------------------------------------------------------------
Tests run: 1, Failures: 0, Errors: 1, Skipped: 0, Time elapsed: 0.204 s <<< FAILURE! - in com.example.ranni.RanniApplicationTests
com.example.ranni.RanniApplicationTests  Time elapsed: 0.202 s  <<< ERROR!
java.lang.IllegalStateException: Unable to find a @SpringBootConfiguration, you need to use @ContextConfiguration or @SpringBootTest(classes=...) with your test

